17:58:39 **** Incremental Build of configuration Debug for project smallestMultiple ****
make all 
Building file: ../src/Algorithm.cpp
Invoking: GCC C++ Compiler
g++ -I"/Users/MacBookEr/Desktop/techFit/c++/smallestMultiple/smallestMultiple/include" -O0 -g3 -Wall -c -fmessage-length=0 -MMD -MP -MF"src/Algorithm.d" -MT"src/Algorithm.d" -o "src/Algorithm.o" "../src/Algorithm.cpp"
../src/Algorithm.cpp:25:6: warning: unused variable 'ceiling' [-Wunused-variable]
        int ceiling = rangeStop;
            ^
1 warning generated.
Finished building: ../src/Algorithm.cpp
 
Building target: smallestMultiple
Invoking: MacOS X C++ Linker
g++  -o "smallestMultiple"  ./test/gtest_main.o ./test/test_Algorithm.o  ./src/Algorithm.o  ./gtest_src/gtest/gtest-all.o   -lpthread
Finished building target: smallestMultiple
 
17:58:53 **** Incremental Build of configuration Debug for project smallestMultiple ****
make all 
make: Nothing to be done for `all'.
17:58:59 **** Incremental Build of configuration Debug for project smallestMultiple ****
make all 
make: Nothing to be done for `all'.
17:59:16 **** Incremental Build of configuration Debug for project smallestMultiple ****
make all 
Building file: ../test/test_Algorithm.cpp
Invoking: GCC C++ Compiler
g++ -I"/Users/MacBookEr/Desktop/techFit/c++/smallestMultiple/smallestMultiple/gtest_src" -I"/Users/MacBookEr/Desktop/techFit/c++/smallestMultiple/smallestMultiple/include" -O0 -g3 -Wall -c -fmessage-length=0 -MMD -MP -MF"test/test_Algorithm.d" -MT"test/test_Algorithm.d" -o "test/test_Algorithm.o" "../test/test_Algorithm.cpp"
Finished building: ../test/test_Algorithm.cpp
 
Building file: ../src/Algorithm.cpp
Invoking: GCC C++ Compiler
g++ -I"/Users/MacBookEr/Desktop/techFit/c++/smallestMultiple/smallestMultiple/include" -O0 -g3 -Wall -c -fmessage-length=0 -MMD -MP -MF"src/Algorithm.d" -MT"src/Algorithm.d" -o "src/Algorithm.o" "../src/Algorithm.cpp"
../src/Algorithm.cpp:25:6: warning: unused variable 'ceiling' [-Wunused-variable]
        int ceiling = rangeStop;
            ^
1 warning generated.
Finished building: ../src/Algorithm.cpp
 
Building target: smallestMultiple
Invoking: MacOS X C++ Linker
g++  -o "smallestMultiple"  ./test/gtest_main.o ./test/test_Algorithm.o  ./src/Algorithm.o  ./gtest_src/gtest/gtest-all.o   -lpthread
Finished building target: smallestMultiple
 
17:59:27 **** Incremental Build of configuration Debug for project smallestMultiple ****
make all 
Building file: ../test/test_Algorithm.cpp
Invoking: GCC C++ Compiler
g++ -I"/Users/MacBookEr/Desktop/techFit/c++/smallestMultiple/smallestMultiple/gtest_src" -I"/Users/MacBookEr/Desktop/techFit/c++/smallestMultiple/smallestMultiple/include" -O0 -g3 -Wall -c -fmessage-length=0 -MMD -MP -MF"test/test_Algorithm.d" -MT"test/test_Algorithm.d" -o "test/test_Algorithm.o" "../test/test_Algorithm.cpp"
Finished building: ../test/test_Algorithm.cpp
 
Building target: smallestMultiple
Invoking: MacOS X C++ Linker
g++  -o "smallestMultiple"  ./test/gtest_main.o ./test/test_Algorithm.o  ./src/Algorithm.o  ./gtest_src/gtest/gtest-all.o   -lpthread
Finished building target: smallestMultiple
 
18:00:04 **** Incremental Build of configuration Debug for project smallestMultiple ****
make all 
Building file: ../test/test_Algorithm.cpp
Invoking: GCC C++ Compiler
g++ -I"/Users/MacBookEr/Desktop/techFit/c++/smallestMultiple/smallestMultiple/gtest_src" -I"/Users/MacBookEr/Desktop/techFit/c++/smallestMultiple/smallestMultiple/include" -O0 -g3 -Wall -c -fmessage-length=0 -MMD -MP -MF"test/test_Algorithm.d" -MT"test/test_Algorithm.d" -o "test/test_Algorithm.o" "../test/test_Algorithm.cpp"
Finished building: ../test/test_Algorithm.cpp
 
Building target: smallestMultiple
Invoking: MacOS X C++ Linker
g++  -o "smallestMultiple"  ./test/gtest_main.o ./test/test_Algorithm.o  ./src/Algorithm.o  ./gtest_src/gtest/gtest-all.o   -lpthread
Finished building target: smallestMultiple
 
